[INFO] Scanning for projects...
[INFO] 
[INFO] -------------------< com.api:bizplay_classifier_api >-------------------
[INFO] Building bizplay_classifier_api 0.0.1-SNAPSHOT
[INFO]   from pom.xml
[INFO] --------------------------------[ jar ]---------------------------------
[INFO] 
[INFO] >>> spring-boot:3.4.5:run (default-cli) > test-compile @ bizplay_classifier_api >>>
[INFO] 
[INFO] --- resources:3.3.1:resources (default-resources) @ bizplay_classifier_api ---
[INFO] Copying 1 resource from src\main\resources to target\classes
[INFO] Copying 9 resources from src\main\resources to target\classes
[INFO] 
[INFO] --- compiler:3.13.0:compile (default-compile) @ bizplay_classifier_api ---
[INFO] Nothing to compile - all classes are up to date.
[INFO] 
[INFO] --- resources:3.3.1:testResources (default-testResources) @ bizplay_classifier_api ---
[INFO] skip non existing resourceDirectory C:\Users\user\OneDrive\Documents\02. Master Degree\03. Lab\01. Project\01. WebCash\04. BizPlay\03. Code\bizplay_classifier_api\src\test\resources
[INFO] 
[INFO] --- compiler:3.13.0:testCompile (default-testCompile) @ bizplay_classifier_api ---
[INFO] Nothing to compile - all classes are up to date.
[INFO] 
[INFO] <<< spring-boot:3.4.5:run (default-cli) < test-compile @ bizplay_classifier_api <<<
[INFO] 
[INFO] 
[INFO] --- spring-boot:3.4.5:run (default-cli) @ bizplay_classifier_api ---
[INFO] Attaching agents: []

  .   ____          _            __ _ _
 /\\ / ___'_ __ _ _(_)_ __  __ _ \ \ \ \
( ( )\___ | '_ | '_| | '_ \/ _` | \ \ \ \
 \\/  ___)| |_)| | | | | || (_| |  ) ) ) )
  '  |____| .__|_| |_|_| |_\__, | / / / /
 =========|_|==============|___/=/_/_/_/

 :: Spring Boot ::                (v3.4.5)

2026-04-28T17:52:15.247+09:00  INFO 38088 --- [bizplay_classifier_api] [  restartedMain] com.api.BizplayApplication               : Starting BizplayApplication using Java 25.0.2 with PID 38088 (C:\Users\user\OneDrive\Documents\02. Master Degree\03. Lab\01. Project\01. WebCash\04. BizPlay\03. Code\bizplay_classifier_api\target\classes started by user in C:\Users\user\OneDrive\Documents\02. Master Degree\03. Lab\01. Project\01. WebCash\04. BizPlay\03. Code\bizplay_classifier_api)
2026-04-28T17:52:15.249+09:00  INFO 38088 --- [bizplay_classifier_api] [  restartedMain] com.api.BizplayApplication               : No active profile set, falling back to 1 default profile: "default"
2026-04-28T17:52:15.295+09:00  INFO 38088 --- [bizplay_classifier_api] [  restartedMain] .e.DevToolsPropertyDefaultsPostProcessor : Devtools property defaults active! Set 'spring.devtools.add-properties' to 'false' to disable
2026-04-28T17:52:15.295+09:00  INFO 38088 --- [bizplay_classifier_api] [  restartedMain] .e.DevToolsPropertyDefaultsPostProcessor : For additional web related logging consider setting the 'logging.level.web' property to 'DEBUG'
2026-04-28T17:52:16.170+09:00  INFO 38088 --- [bizplay_classifier_api] [  restartedMain] .s.d.r.c.RepositoryConfigurationDelegate : Bootstrapping Spring Data JDBC repositories in DEFAULT mode.
2026-04-28T17:52:16.207+09:00  INFO 38088 --- [bizplay_classifier_api] [  restartedMain] .s.d.r.c.RepositoryConfigurationDelegate : Finished Spring Data repository scanning in 30 ms. Found 0 JDBC repository interfaces.
2026-04-28T17:52:16.806+09:00  INFO 38088 --- [bizplay_classifier_api] [  restartedMain] o.s.b.w.embedded.tomcat.TomcatWebServer  : Tomcat initialized with port 8080 (http)
2026-04-28T17:52:16.818+09:00  INFO 38088 --- [bizplay_classifier_api] [  restartedMain] o.apache.catalina.core.StandardService   : Starting service [Tomcat]
2026-04-28T17:52:16.818+09:00  INFO 38088 --- [bizplay_classifier_api] [  restartedMain] o.apache.catalina.core.StandardEngine    : Starting Servlet engine: [Apache Tomcat/10.1.40]
2026-04-28T17:52:16.871+09:00  INFO 38088 --- [bizplay_classifier_api] [  restartedMain] o.a.c.c.C.[Tomcat].[localhost].[/]       : Initializing Spring embedded WebApplicationContext
2026-04-28T17:52:16.872+09:00  INFO 38088 --- [bizplay_classifier_api] [  restartedMain] w.s.c.ServletWebServerApplicationContext : Root WebApplicationContext: initialization completed in 1558 ms
2026-04-28T17:52:17.009+09:00  INFO 38088 --- [bizplay_classifier_api] [  restartedMain] com.zaxxer.hikari.HikariDataSource       : HikariPool-1 - Starting...
2026-04-28T17:52:17.232+09:00  INFO 38088 --- [bizplay_classifier_api] [  restartedMain] com.zaxxer.hikari.pool.HikariPool        : HikariPool-1 - Added connection org.postgresql.jdbc.PgConnection@6ca74947
2026-04-28T17:52:17.233+09:00  INFO 38088 --- [bizplay_classifier_api] [  restartedMain] com.zaxxer.hikari.HikariDataSource       : HikariPool-1 - Start completed.
WARNING: A terminally deprecated method in sun.misc.Unsafe has been called
WARNING: sun.misc.Unsafe::staticFieldOffset has been called by org.modelmapper.internal.typetools.TypeResolver (file:/C:/Users/user/.m2/repository/org/modelmapper/modelmapper/3.2.0/modelmapper-3.2.0.jar)
WARNING: Please consider reporting this to the maintainers of class org.modelmapper.internal.typetools.TypeResolver
WARNING: sun.misc.Unsafe::staticFieldOffset will be removed in a future release
2026-04-28T17:52:17.681+09:00  INFO 38088 --- [bizplay_classifier_api] [  restartedMain] c.a.b.s.s.FileStorageServiceImple        : MinIO storage is ready. bucket=bizplay-files
2026-04-28T17:52:17.891+09:00  INFO 38088 --- [bizplay_classifier_api] [  restartedMain] r$InitializeUserDetailsManagerConfigurer : Global AuthenticationManager configured with UserDetailsService bean with name appUserServiceImple
2026-04-28T17:52:19.402+09:00  INFO 38088 --- [bizplay_classifier_api] [  restartedMain] o.s.b.d.a.OptionalLiveReloadServer       : LiveReload server is running on port 35729
2026-04-28T17:52:19.438+09:00  INFO 38088 --- [bizplay_classifier_api] [  restartedMain] o.s.b.w.embedded.tomcat.TomcatWebServer  : Tomcat started on port 8080 (http) with context path '/'
2026-04-28T17:52:19.446+09:00  INFO 38088 --- [bizplay_classifier_api] [  restartedMain] com.api.BizplayApplication               : Started BizplayApplication in 4.515 seconds (process running for 5.003)
